<?xml version="1.0" encoding="UTF-8"?>
<testng-results ignored="0" total="1" passed="1" failed="0" skipped="0">
  <reporter-output>
  </reporter-output>
  <suite started-at="2024-11-27T15:47:40 IST" name="Default suite" finished-at="2024-11-27T15:48:09 IST" duration-ms="28444">
    <groups>
    </groups>
    <test started-at="2024-11-27T15:47:40 IST" name="Default test" finished-at="2024-11-27T15:48:09 IST" duration-ms="28444">
      <class name="AppiumDemo.Appium.eCommerce_tc_1">
        <test-method is-config="true" signature="ConfigureAppium()[pri:0, instance:AppiumDemo.Appium.eCommerce_tc_1@4a94ee4]" started-at="2024-11-27T15:47:40 IST" name="ConfigureAppium" finished-at="2024-11-27T15:47:48 IST" duration-ms="7947" status="PASS">
          <reporter-output>
          </reporter-output>
        </test-method> <!-- ConfigureAppium -->
        <test-method signature="fillForm()[pri:0, instance:AppiumDemo.Appium.eCommerce_tc_1@4a94ee4]" started-at="2024-11-27T15:47:48 IST" name="fillForm" finished-at="2024-11-27T15:48:05 IST" duration-ms="16555" status="PASS">
          <reporter-output>
          </reporter-output>
        </test-method> <!-- fillForm -->
        <test-method is-config="true" signature="tearDown()[pri:0, instance:AppiumDemo.Appium.eCommerce_tc_1@4a94ee4]" started-at="2024-11-27T15:48:05 IST" name="tearDown" finished-at="2024-11-27T15:48:09 IST" duration-ms="3929" status="PASS">
          <reporter-output>
          </reporter-output>
        </test-method> <!-- tearDown -->
      </class> <!-- AppiumDemo.Appium.eCommerce_tc_1 -->
    </test> <!-- Default test -->
  </suite> <!-- Default suite -->
</testng-results>
